2018-05-16 15:35:43,582 INFO (StartupInfoLogger.java:48)- Starting ZshopApplication on DESKTOP-7U1I0P5 with PID 65948 (F:\kxjl\code\sboot\target\classes started by admin in F:\kxjl\code\sboot)
2018-05-16 15:35:43,606 INFO (SpringApplication.java:593)- No active profile set, falling back to default profiles: default
2018-05-16 15:35:43,924 INFO (AbstractApplicationContext.java:583)- Refreshing org.springframework.boot.context.embedded.AnnotationConfigEmbeddedWebApplicationContext@65a15628: startup date [Wed May 16 15:35:43 CST 2018]; root of context hierarchy
2018-05-16 15:35:43,985 INFO (Version.java:30)- HV000001: Hibernate Validator 5.3.6.Final
2018-05-16 15:35:45,766 INFO (PostProcessorRegistrationDelegate.java:327)- Bean 'shiroConfig' of type [com.ztgm.iot.config.ShiroConfig$$EnhancerBySpringCGLIB$$fa4ee65b] is not eligible for getting processed by all BeanPostProcessors (for example: not eligible for auto-proxying)
2018-05-16 15:35:45,976 INFO (PostProcessorRegistrationDelegate.java:327)- Bean 'getEhCacheManager' of type [org.apache.shiro.cache.ehcache.EhCacheManager] is not eligible for getting processed by all BeanPostProcessors (for example: not eligible for auto-proxying)
2018-05-16 15:35:45,983 INFO (EhCacheManager.java:158)- Cache with name 'com.ztgm.iot.shiro.MyShiroRealm.authorizationCache' does not yet exist.  Creating now.
2018-05-16 15:35:45,986 INFO (EhCacheManager.java:165)- Added EhCache named [com.ztgm.iot.shiro.MyShiroRealm.authorizationCache]
2018-05-16 15:35:46,192 INFO (PostProcessorRegistrationDelegate.java:327)- Bean 'mybatis-org.mybatis.spring.boot.autoconfigure.MybatisProperties' of type [org.mybatis.spring.boot.autoconfigure.MybatisProperties] is not eligible for getting processed by all BeanPostProcessors (for example: not eligible for auto-proxying)
2018-05-16 15:35:46,202 INFO (PostProcessorRegistrationDelegate.java:327)- Bean 'org.mybatis.spring.boot.autoconfigure.MybatisAutoConfiguration' of type [org.mybatis.spring.boot.autoconfigure.MybatisAutoConfiguration$$EnhancerBySpringCGLIB$$4f69d85e] is not eligible for getting processed by all BeanPostProcessors (for example: not eligible for auto-proxying)
2018-05-16 15:35:46,207 INFO (PostProcessorRegistrationDelegate.java:327)- Bean 'com.alibaba.druid.spring.boot.autoconfigure.DruidDataSourceAutoConfigure' of type [com.alibaba.druid.spring.boot.autoconfigure.DruidDataSourceAutoConfigure$$EnhancerBySpringCGLIB$$36417ca0] is not eligible for getting processed by all BeanPostProcessors (for example: not eligible for auto-proxying)
2018-05-16 15:35:46,426 INFO (PostProcessorRegistrationDelegate.java:327)- Bean 'dataSource' of type [com.alibaba.druid.pool.DruidDataSource] is not eligible for getting processed by all BeanPostProcessors (for example: not eligible for auto-proxying)
2018-05-16 15:35:47,009 INFO (PostProcessorRegistrationDelegate.java:327)- Bean 'sqlSessionFactory' of type [org.apache.ibatis.session.defaults.DefaultSqlSessionFactory] is not eligible for getting processed by all BeanPostProcessors (for example: not eligible for auto-proxying)
2018-05-16 15:35:47,057 INFO (PostProcessorRegistrationDelegate.java:327)- Bean 'sqlSessionTemplate' of type [org.mybatis.spring.SqlSessionTemplate] is not eligible for getting processed by all BeanPostProcessors (for example: not eligible for auto-proxying)
2018-05-16 15:35:47,058 INFO (PostProcessorRegistrationDelegate.java:327)- Bean 'userMapper' of type [org.mybatis.spring.mapper.MapperFactoryBean] is not eligible for getting processed by all BeanPostProcessors (for example: not eligible for auto-proxying)
2018-05-16 15:35:47,060 INFO (PostProcessorRegistrationDelegate.java:327)- Bean 'userMapper' of type [com.sun.proxy.$Proxy62] is not eligible for getting processed by all BeanPostProcessors (for example: not eligible for auto-proxying)
2018-05-16 15:35:47,064 INFO (PostProcessorRegistrationDelegate.java:327)- Bean 'roleMapper' of type [org.mybatis.spring.mapper.MapperFactoryBean] is not eligible for getting processed by all BeanPostProcessors (for example: not eligible for auto-proxying)
2018-05-16 15:35:47,066 INFO (PostProcessorRegistrationDelegate.java:327)- Bean 'roleMapper' of type [com.sun.proxy.$Proxy63] is not eligible for getting processed by all BeanPostProcessors (for example: not eligible for auto-proxying)
2018-05-16 15:35:47,070 INFO (PostProcessorRegistrationDelegate.java:327)- Bean 'userRoleMapper' of type [org.mybatis.spring.mapper.MapperFactoryBean] is not eligible for getting processed by all BeanPostProcessors (for example: not eligible for auto-proxying)
2018-05-16 15:35:47,071 INFO (PostProcessorRegistrationDelegate.java:327)- Bean 'userRoleMapper' of type [com.sun.proxy.$Proxy64] is not eligible for getting processed by all BeanPostProcessors (for example: not eligible for auto-proxying)
2018-05-16 15:35:47,075 INFO (PostProcessorRegistrationDelegate.java:327)- Bean 'groupMapper' of type [org.mybatis.spring.mapper.MapperFactoryBean] is not eligible for getting processed by all BeanPostProcessors (for example: not eligible for auto-proxying)
2018-05-16 15:35:47,077 INFO (PostProcessorRegistrationDelegate.java:327)- Bean 'groupMapper' of type [com.sun.proxy.$Proxy65] is not eligible for getting processed by all BeanPostProcessors (for example: not eligible for auto-proxying)
2018-05-16 15:35:47,080 INFO (PostProcessorRegistrationDelegate.java:327)- Bean 'groupUserMapper' of type [org.mybatis.spring.mapper.MapperFactoryBean] is not eligible for getting processed by all BeanPostProcessors (for example: not eligible for auto-proxying)
2018-05-16 15:35:47,081 INFO (PostProcessorRegistrationDelegate.java:327)- Bean 'groupUserMapper' of type [com.sun.proxy.$Proxy66] is not eligible for getting processed by all BeanPostProcessors (for example: not eligible for auto-proxying)
2018-05-16 15:35:47,085 INFO (PostProcessorRegistrationDelegate.java:327)- Bean 'userInfoMapper' of type [org.mybatis.spring.mapper.MapperFactoryBean] is not eligible for getting processed by all BeanPostProcessors (for example: not eligible for auto-proxying)
2018-05-16 15:35:47,086 INFO (PostProcessorRegistrationDelegate.java:327)- Bean 'userInfoMapper' of type [com.sun.proxy.$Proxy67] is not eligible for getting processed by all BeanPostProcessors (for example: not eligible for auto-proxying)
2018-05-16 15:35:47,091 INFO (PostProcessorRegistrationDelegate.java:327)- Bean 'combinationMapper' of type [org.mybatis.spring.mapper.MapperFactoryBean] is not eligible for getting processed by all BeanPostProcessors (for example: not eligible for auto-proxying)
2018-05-16 15:35:47,093 INFO (PostProcessorRegistrationDelegate.java:327)- Bean 'combinationMapper' of type [com.sun.proxy.$Proxy68] is not eligible for getting processed by all BeanPostProcessors (for example: not eligible for auto-proxying)
2018-05-16 15:35:47,094 INFO (PostProcessorRegistrationDelegate.java:327)- Bean 'userService' of type [com.ztgm.iot.service.impl.UserServiceImpl] is not eligible for getting processed by all BeanPostProcessors (for example: not eligible for auto-proxying)
2018-05-16 15:35:47,118 INFO (PostProcessorRegistrationDelegate.java:327)- Bean 'rolePermissionMapper' of type [org.mybatis.spring.mapper.MapperFactoryBean] is not eligible for getting processed by all BeanPostProcessors (for example: not eligible for auto-proxying)
2018-05-16 15:35:47,119 INFO (PostProcessorRegistrationDelegate.java:327)- Bean 'rolePermissionMapper' of type [com.sun.proxy.$Proxy70] is not eligible for getting processed by all BeanPostProcessors (for example: not eligible for auto-proxying)
2018-05-16 15:35:47,119 INFO (PostProcessorRegistrationDelegate.java:327)- Bean 'roleServiceImpl' of type [com.ztgm.iot.service.impl.RoleServiceImpl] is not eligible for getting processed by all BeanPostProcessors (for example: not eligible for auto-proxying)
2018-05-16 15:35:47,125 INFO (PostProcessorRegistrationDelegate.java:327)- Bean 'permissionMapper' of type [org.mybatis.spring.mapper.MapperFactoryBean] is not eligible for getting processed by all BeanPostProcessors (for example: not eligible for auto-proxying)
2018-05-16 15:35:47,126 INFO (PostProcessorRegistrationDelegate.java:327)- Bean 'permissionMapper' of type [com.sun.proxy.$Proxy71] is not eligible for getting processed by all BeanPostProcessors (for example: not eligible for auto-proxying)
2018-05-16 15:35:47,127 INFO (PostProcessorRegistrationDelegate.java:327)- Bean 'permissionServiceImpl' of type [com.ztgm.iot.service.impl.PermissionServiceImpl] is not eligible for getting processed by all BeanPostProcessors (for example: not eligible for auto-proxying)
2018-05-16 15:35:47,128 INFO (PostProcessorRegistrationDelegate.java:327)- Bean 'myShiroRealm' of type [com.ztgm.iot.shiro.MyShiroRealm] is not eligible for getting processed by all BeanPostProcessors (for example: not eligible for auto-proxying)
2018-05-16 15:35:47,598 INFO (PostProcessorRegistrationDelegate.java:327)- Bean 'securityManager' of type [org.apache.shiro.web.mgt.DefaultWebSecurityManager] is not eligible for getting processed by all BeanPostProcessors (for example: not eligible for auto-proxying)
2018-05-16 15:35:47,703 INFO (DruidDataSource.java:847)- {dataSource-1} inited
2018-05-16 15:35:48,237 INFO (PostProcessorRegistrationDelegate.java:327)- Bean 'getAuthorizationAttributeSourceAdvisor' of type [org.apache.shiro.spring.security.interceptor.AuthorizationAttributeSourceAdvisor] is not eligible for getting processed by all BeanPostProcessors (for example: not eligible for auto-proxying)
2018-05-16 15:35:48,264 INFO (PostProcessorRegistrationDelegate.java:327)- Bean 'org.springframework.transaction.annotation.ProxyTransactionManagementConfiguration' of type [org.springframework.transaction.annotation.ProxyTransactionManagementConfiguration$$EnhancerBySpringCGLIB$$1c95872e] is not eligible for getting processed by all BeanPostProcessors (for example: not eligible for auto-proxying)
2018-05-16 15:35:48,904 INFO (TomcatEmbeddedServletContainer.java:89)- Tomcat initialized with port(s): 9090 (http)
2018-05-16 15:35:48,916 INFO (DirectJDKLog.java:179)- Starting service [Tomcat]
2018-05-16 15:35:48,917 INFO (DirectJDKLog.java:179)- Starting Servlet Engine: Apache Tomcat/8.5.23
2018-05-16 15:35:49,143 INFO (DirectJDKLog.java:179)- Initializing Spring embedded WebApplicationContext
2018-05-16 15:35:49,143 INFO (EmbeddedWebApplicationContext.java:276)- Root WebApplicationContext: initialization completed in 5219 ms
2018-05-16 15:35:50,010 INFO (AbstractFilterRegistrationBean.java:258)- Mapping filter: 'metricsFilter' to: [/*]
2018-05-16 15:35:50,011 INFO (AbstractFilterRegistrationBean.java:258)- Mapping filter: 'characterEncodingFilter' to: [/*]
2018-05-16 15:35:50,011 INFO (AbstractFilterRegistrationBean.java:258)- Mapping filter: 'hiddenHttpMethodFilter' to: [/*]
2018-05-16 15:35:50,011 INFO (AbstractFilterRegistrationBean.java:258)- Mapping filter: 'httpPutFormContentFilter' to: [/*]
2018-05-16 15:35:50,012 INFO (AbstractFilterRegistrationBean.java:258)- Mapping filter: 'requestContextFilter' to: [/*]
2018-05-16 15:35:50,012 INFO (AbstractFilterRegistrationBean.java:258)- Mapping filter: 'webRequestLoggingFilter' to: [/*]
2018-05-16 15:35:50,012 INFO (AbstractFilterRegistrationBean.java:271)- Mapping filter: 'freemarkerFilter' to urls: [*.ftl]
2018-05-16 15:35:50,012 INFO (AbstractFilterRegistrationBean.java:271)- Mapping filter: 'webSiteMeshFilter' to urls: [/*]
2018-05-16 15:35:50,012 INFO (AbstractFilterRegistrationBean.java:271)- Mapping filter: 'webStatFilter' to urls: [/*]
2018-05-16 15:35:50,012 INFO (AbstractFilterRegistrationBean.java:258)- Mapping filter: 'shiroFilter' to: [/*]
2018-05-16 15:35:50,013 INFO (AbstractFilterRegistrationBean.java:258)- Mapping filter: 'applicationContextIdFilter' to: [/*]
2018-05-16 15:35:50,013 INFO (ServletRegistrationBean.java:190)- Mapping servlet: 'dispatcherServlet' to [/]
2018-05-16 15:35:50,014 INFO (ServletRegistrationBean.java:190)- Mapping servlet: 'statViewServlet' to [/druid/*]
2018-05-16 15:35:50,876 INFO (ExecutorConfigurationSupport.java:165)- Initializing ExecutorService 
2018-05-16 15:35:50,885 INFO (ExecutorConfigurationSupport.java:165)- Initializing ExecutorService  'processExecutor'
2018-05-16 15:35:51,817 INFO (RequestMappingHandlerAdapter.java:534)- Looking for @ControllerAdvice: org.springframework.boot.context.embedded.AnnotationConfigEmbeddedWebApplicationContext@65a15628: startup date [Wed May 16 15:35:43 CST 2018]; root of context hierarchy
2018-05-16 15:35:52,008 INFO (AbstractHandlerMethodMapping.java:543)- Mapped "{[/interface/group/groupList]}" onto public com.ztgm.iot.util.AppResult com.ztgm.iot.controller.AppController.AGroupController.groupList()
2018-05-16 15:35:52,010 INFO (AbstractHandlerMethodMapping.java:543)- Mapped "{[/interface/group/addMemberToGroups]}" onto public com.ztgm.iot.util.AppResult com.ztgm.iot.controller.AppController.AGroupController.addMemberToGroups(java.lang.String,java.lang.String)
2018-05-16 15:35:52,011 INFO (AbstractHandlerMethodMapping.java:543)- Mapped "{[/interface/group/memberList]}" onto public com.ztgm.iot.util.AppResult com.ztgm.iot.controller.AppController.AGroupUserController.memberList(java.lang.String)
2018-05-16 15:35:52,011 INFO (AbstractHandlerMethodMapping.java:543)- Mapped "{[/interface/group/delMember]}" onto public com.ztgm.iot.util.AppResult com.ztgm.iot.controller.AppController.AGroupUserController.delMember(java.lang.String,java.lang.String)
2018-05-16 15:35:52,011 INFO (AbstractHandlerMethodMapping.java:543)- Mapped "{[/interface/group/addMember]}" onto public com.ztgm.iot.util.AppResult com.ztgm.iot.controller.AppController.AGroupUserController.addMember(java.lang.String,java.lang.String)
2018-05-16 15:35:52,013 INFO (AbstractHandlerMethodMapping.java:543)- Mapped "{[/interface/user/register],methods=[POST]}" onto public com.ztgm.iot.util.AppResult com.ztgm.iot.controller.AppController.AUserController.register(java.lang.String,java.lang.String,java.lang.String)
2018-05-16 15:35:52,013 INFO (AbstractHandlerMethodMapping.java:543)- Mapped "{[/interface/user/wxinlogin],methods=[POST]}" onto public com.ztgm.iot.util.AppResult com.ztgm.iot.controller.AppController.AUserController.wxinUserLogin(java.lang.String,java.lang.String,java.lang.String,java.lang.String,java.lang.String,java.lang.String,java.lang.String,java.lang.String)
2018-05-16 15:35:52,014 INFO (AbstractHandlerMethodMapping.java:543)- Mapped "{[/interface/user/login],methods=[POST]}" onto public com.ztgm.iot.util.AppResult com.ztgm.iot.controller.AppController.AUserController.userLogin(java.lang.String,java.lang.String)
2018-05-16 15:35:52,014 INFO (AbstractHandlerMethodMapping.java:543)- Mapped "{[/interface/user/validateCode]}" onto public com.ztgm.iot.util.AppResult com.ztgm.iot.controller.AppController.AUserController.validateCode(java.lang.String)
2018-05-16 15:35:52,014 INFO (AbstractHandlerMethodMapping.java:543)- Mapped "{[/interface/user/emqtt]}" onto public com.ztgm.iot.util.AppResult com.ztgm.iot.controller.AppController.AUserController.emqttTest(java.lang.String,java.lang.String)
2018-05-16 15:35:52,014 INFO (AbstractHandlerMethodMapping.java:543)- Mapped "{[/interface/user/getEmqttServer]}" onto public com.ztgm.iot.util.AppResult com.ztgm.iot.controller.AppController.AUserController.getEmqttServer()
2018-05-16 15:35:52,015 INFO (AbstractHandlerMethodMapping.java:543)- Mapped "{[/interface/user/updatepw],methods=[POST]}" onto public com.ztgm.iot.util.AppResult com.ztgm.iot.controller.AppController.AUserController.updatepw(java.lang.String,java.lang.String)
2018-05-16 15:35:52,015 INFO (AbstractHandlerMethodMapping.java:543)- Mapped "{[/interface/user/forgetpw],methods=[POST]}" onto public com.ztgm.iot.util.AppResult com.ztgm.iot.controller.AppController.AUserController.forgetpw(java.lang.String,java.lang.String,java.lang.String)
2018-05-16 15:35:52,015 INFO (AbstractHandlerMethodMapping.java:543)- Mapped "{[/interface/user/userInformation]}" onto public java.lang.String com.ztgm.iot.controller.AppController.AUserController.getUserInformation(java.lang.String,java.lang.String)
2018-05-16 15:35:52,015 INFO (AbstractHandlerMethodMapping.java:543)- Mapped "{[/interface/user/permissionTransfer]}" onto public com.ztgm.iot.util.AppResult com.ztgm.iot.controller.AppController.AUserController.controlPermissionTransfer(java.lang.String)
2018-05-16 15:35:52,017 INFO (AbstractHandlerMethodMapping.java:543)- Mapped "{[/interface/downloadapp2]}" onto public void com.ztgm.iot.controller.AppController.FileHoldController.downloadapp2(javax.servlet.http.HttpServletRequest,javax.servlet.http.HttpServletResponse)
2018-05-16 15:35:52,018 INFO (AbstractHandlerMethodMapping.java:543)- Mapped "{[/manager/uploadapk],methods=[POST]}" onto public java.lang.String com.ztgm.iot.controller.AppController.FileHoldController.uploadApkFile(org.springframework.ui.ModelMap,javax.servlet.http.HttpServletRequest,org.springframework.web.multipart.MultipartHttpServletRequest,javax.servlet.http.HttpServletResponse)
2018-05-16 15:35:52,018 INFO (AbstractHandlerMethodMapping.java:543)- Mapped "{[/manager/etrSysconf]}" onto public java.lang.String com.ztgm.iot.controller.AppController.FileHoldController.etrSysconf(org.springframework.ui.ModelMap,javax.servlet.http.HttpServletResponse)
2018-05-16 15:35:52,018 INFO (AbstractHandlerMethodMapping.java:543)- Mapped "{[/interface/downloadapp]}" onto public void com.ztgm.iot.controller.AppController.FileHoldController.downloadapp(javax.servlet.http.HttpServletRequest,javax.servlet.http.HttpServletResponse) throws java.lang.Exception
2018-05-16 15:35:52,018 INFO (AbstractHandlerMethodMapping.java:543)- Mapped "{[/interface/downloadappUrl]}" onto public java.lang.String com.ztgm.iot.controller.AppController.FileHoldController.downloadAppUrl()
2018-05-16 15:35:52,018 INFO (AbstractHandlerMethodMapping.java:543)- Mapped "{[/interface/user/updHeaderPic],methods=[POST]}" onto public com.ztgm.iot.util.AppResult com.ztgm.iot.controller.AppController.FileHoldController.updateHeaderPic(org.springframework.ui.ModelMap,javax.servlet.http.HttpServletRequest,org.springframework.web.multipart.MultipartHttpServletRequest,javax.servlet.http.HttpServletResponse)
2018-05-16 15:35:52,018 INFO (AbstractHandlerMethodMapping.java:543)- Mapped "{[/interface/user/headerpic]}" onto public void com.ztgm.iot.controller.AppController.FileHoldController.holdUserHeaderPic(javax.servlet.http.HttpServletRequest,javax.servlet.http.HttpServletResponse)
2018-05-16 15:35:52,019 INFO (AbstractHandlerMethodMapping.java:543)- Mapped "{[/interface/latestVersionInfo]}" onto public com.ztgm.iot.util.AppResult com.ztgm.iot.controller.AppController.FileHoldController.latestVersionInfo()
2018-05-16 15:35:52,019 INFO (AbstractHandlerMethodMapping.java:543)- Mapped "{[/manager/scene/uploadSceneBg],methods=[POST]}" onto public void com.ztgm.iot.controller.AppController.FileHoldController.uploadSceneBackgroudPic(org.springframework.ui.ModelMap,javax.servlet.http.HttpServletRequest,org.springframework.web.multipart.MultipartHttpServletRequest,javax.servlet.http.HttpServletResponse)
2018-05-16 15:35:52,019 INFO (AbstractHandlerMethodMapping.java:543)- Mapped "{[/interface/scene/holdbackground]}" onto public void com.ztgm.iot.controller.AppController.FileHoldController.holdSceneBackground(javax.servlet.http.HttpServletRequest,javax.servlet.http.HttpServletResponse)
2018-05-16 15:35:52,021 INFO (AbstractHandlerMethodMapping.java:543)- Mapped "{[/interface/user/imgValidateCode]}" onto public void com.ztgm.iot.controller.AppController.ImageCodeController.validateCode(javax.servlet.http.HttpServletRequest,javax.servlet.http.HttpServletResponse) throws java.lang.Exception
2018-05-16 15:35:52,021 INFO (AbstractHandlerMethodMapping.java:543)- Mapped "{[/interface/user/chkImgValCode]}" onto public com.ztgm.iot.util.AppResult com.ztgm.iot.controller.AppController.ImageCodeController.chkImgValCode(java.lang.String)
2018-05-16 15:35:52,022 INFO (AbstractHandlerMethodMapping.java:543)- Mapped "{[/interface/message/read]}" onto public com.ztgm.iot.util.AppResult com.ztgm.iot.controller.AppController.NoticeController.read(java.lang.String)
2018-05-16 15:35:52,022 INFO (AbstractHandlerMethodMapping.java:543)- Mapped "{[/interface/message/list]}" onto public com.ztgm.iot.util.AppResult com.ztgm.iot.controller.AppController.NoticeController.list(java.lang.String,java.lang.Integer,java.lang.Integer)
2018-05-16 15:35:52,022 INFO (AbstractHandlerMethodMapping.java:543)- Mapped "{[/interface/message/del]}" onto public com.ztgm.iot.util.AppResult com.ztgm.iot.controller.AppController.NoticeController.del(java.lang.String)
2018-05-16 15:35:52,023 INFO (AbstractHandlerMethodMapping.java:543)- Mapped "{[/]}" onto public java.lang.String com.ztgm.iot.controller.Redirecter.redirect()
2018-05-16 15:35:52,025 INFO (AbstractHandlerMethodMapping.java:543)- Mapped "{[/manager/user/index]}" onto public java.lang.String com.ztgm.iot.controller.WebController.AdminController.index(java.util.Map<java.lang.String, java.lang.Object>)
2018-05-16 15:35:52,025 INFO (AbstractHandlerMethodMapping.java:543)- Mapped "{[/manager/admin/index]}" onto public java.lang.String com.ztgm.iot.controller.WebController.AdminController.admin(java.util.Map<java.lang.String, java.lang.Object>,javax.servlet.http.HttpServletRequest)
2018-05-16 15:35:52,026 INFO (AbstractHandlerMethodMapping.java:543)- Mapped "{[/manager/user/getNoticeList]}" onto public java.util.List<com.ztgm.iot.pojo.Notice> com.ztgm.iot.controller.WebController.AdminController.getNoticeList(javax.servlet.http.HttpServletRequest)
2018-05-16 15:35:52,026 INFO (AbstractHandlerMethodMapping.java:543)- Mapped "{[/manager/user/updateNoticeRead]}" onto public void com.ztgm.iot.controller.WebController.AdminController.updateNoticeRead(com.ztgm.iot.pojo.Notice)
2018-05-16 15:35:52,026 INFO (AbstractHandlerMethodMapping.java:543)- Mapped "{[/manager/admin/registerSubmit]}" onto public java.lang.String com.ztgm.iot.controller.WebController.AdminController.registerSubmit(javax.servlet.http.HttpServletRequest,javax.servlet.http.HttpServletResponse)
2018-05-16 15:35:52,026 INFO (AbstractHandlerMethodMapping.java:543)- Mapped "{[/manager/user/getRegionLogCountList]}" onto public java.util.List<java.util.Map> com.ztgm.iot.controller.WebController.AdminController.getRegionLogCountList(javax.servlet.http.HttpServletRequest)
2018-05-16 15:35:52,027 INFO (AbstractHandlerMethodMapping.java:543)- Mapped "{[/manager/user/getDeviceStatusCountList]}" onto public java.util.Map com.ztgm.iot.controller.WebController.AdminController.getDeviceStatusCountList(javax.servlet.http.HttpServletRequest)
2018-05-16 15:35:52,027 INFO (AbstractHandlerMethodMapping.java:543)- Mapped "{[/manager/admin/registerAdminPage]}" onto public java.lang.String com.ztgm.iot.controller.WebController.AdminController.registerAdminPage()
2018-05-16 15:35:52,027 INFO (AbstractHandlerMethodMapping.java:543)- Mapped "{[/manager/user/getSceneLogCountList]}" onto public java.util.List<java.util.Map> com.ztgm.iot.controller.WebController.AdminController.getSceneLogCountList(javax.servlet.http.HttpServletRequest)
2018-05-16 15:35:52,028 INFO (AbstractHandlerMethodMapping.java:543)- Mapped "{[/manager/group/addGroup]}" onto public java.lang.String com.ztgm.iot.controller.WebController.GroupController.addGroup(java.lang.String)
2018-05-16 15:35:52,029 INFO (AbstractHandlerMethodMapping.java:543)- Mapped "{[/manager/group/etrGroupSetting]}" onto public java.lang.String com.ztgm.iot.controller.WebController.GroupController.etrGroupSetting(java.lang.String,org.springframework.ui.Model)
2018-05-16 15:35:52,029 INFO (AbstractHandlerMethodMapping.java:543)- Mapped "{[/manager/group/saveGroupDevice]}" onto public java.lang.String com.ztgm.iot.controller.WebController.GroupController.saveGroupDevice(java.lang.String,java.lang.String)
2018-05-16 15:35:52,029 INFO (AbstractHandlerMethodMapping.java:543)- Mapped "{[/manager/group/saveGroupRegion]}" onto public java.lang.String com.ztgm.iot.controller.WebController.GroupController.saveGroupRegion(java.lang.String,java.lang.String)
2018-05-16 15:35:52,029 INFO (AbstractHandlerMethodMapping.java:543)- Mapped "{[/manager/group/updateGroupName]}" onto public java.lang.String com.ztgm.iot.controller.WebController.GroupController.updateGroupName(java.lang.String,java.lang.String)
2018-05-16 15:35:52,029 INFO (AbstractHandlerMethodMapping.java:543)- Mapped "{[/manager/group/delGroup]}" onto public java.lang.String com.ztgm.iot.controller.WebController.GroupController.delGroup(java.lang.String)
2018-05-16 15:35:52,030 INFO (AbstractHandlerMethodMapping.java:543)- Mapped "{[/manager/group/etrGroupList]}" onto public java.lang.String com.ztgm.iot.controller.WebController.GroupController.groupList(java.util.Map<java.lang.String, java.lang.String>,org.springframework.ui.Model)
2018-05-16 15:35:52,030 INFO (AbstractHandlerMethodMapping.java:543)- Mapped "{[/manager/group/groupRegions]}" onto public java.util.List<com.ztgm.iot.pojo.Region> com.ztgm.iot.controller.WebController.GroupController.selectGroupRegions(java.lang.String)
2018-05-16 15:35:52,030 INFO (AbstractHandlerMethodMapping.java:543)- Mapped "{[/manager/group/userAllDevices]}" onto public java.util.List<com.ztgm.iot.pojo.Device> com.ztgm.iot.controller.WebController.GroupController.selectUserAllDevices(java.lang.String)
2018-05-16 15:35:52,031 INFO (AbstractHandlerMethodMapping.java:543)- Mapped "{[/manager/group/userAllRegions]}" onto public java.util.List<com.ztgm.iot.pojo.Region> com.ztgm.iot.controller.WebController.GroupController.selectUserAllRegions(java.lang.String)
2018-05-16 15:35:52,031 INFO (AbstractHandlerMethodMapping.java:543)- Mapped "{[/manager/group/userAllRegionsExGroup]}" onto public java.util.List<com.ztgm.iot.pojo.Region> com.ztgm.iot.controller.WebController.GroupController.selectUserAllRegionsExGroup(java.lang.String)
2018-05-16 15:35:52,031 INFO (AbstractHandlerMethodMapping.java:543)- Mapped "{[/manager/group/userAllDevicesExGroup]}" onto public java.util.List<com.ztgm.iot.pojo.Device> com.ztgm.iot.controller.WebController.GroupController.selectUserAllDevicesExGroup(java.lang.String)
2018-05-16 15:35:52,031 INFO (AbstractHandlerMethodMapping.java:543)- Mapped "{[/manager/group/groupDevices]}" onto public java.util.List<com.ztgm.iot.pojo.Device> com.ztgm.iot.controller.WebController.GroupController.selectGroupDevices(java.lang.String)
2018-05-16 15:35:52,032 INFO (AbstractHandlerMethodMapping.java:543)- Mapped "{[/manager/group/memberList]}" onto public java.util.List<com.ztgm.iot.pojo.User> com.ztgm.iot.controller.WebController.GroupUserController.memberList(org.springframework.ui.ModelMap,javax.servlet.http.HttpServletResponse)
2018-05-16 15:35:52,032 INFO (AbstractHandlerMethodMapping.java:543)- Mapped "{[/manager/group/delMember]}" onto public com.ztgm.iot.util.Message com.ztgm.iot.controller.WebController.GroupUserController.delMember(javax.servlet.http.HttpServletRequest)
2018-05-16 15:35:52,033 INFO (AbstractHandlerMethodMapping.java:543)- Mapped "{[/manager/group/addMember]}" onto public com.ztgm.iot.util.Message com.ztgm.iot.controller.WebController.GroupUserController.addMember(javax.servlet.http.HttpServletRequest)
2018-05-16 15:35:52,033 INFO (AbstractHandlerMethodMapping.java:543)- Mapped "{[/manager/group/etrGroupUserList]}" onto public java.lang.String com.ztgm.iot.controller.WebController.GroupUserController.showMemberList(java.util.Map<java.lang.String, java.lang.String>,org.springframework.ui.Model)
2018-05-16 15:35:52,033 INFO (AbstractHandlerMethodMapping.java:543)- Mapped "{[/index]}" onto public java.lang.String com.ztgm.iot.controller.WebController.LoginController.index(java.util.Map<java.lang.String, java.lang.Object>)
2018-05-16 15:35:52,034 INFO (AbstractHandlerMethodMapping.java:543)- Mapped "{[/login]}" onto public java.lang.String com.ztgm.iot.controller.WebController.LoginController.login(javax.servlet.http.HttpServletRequest,org.springframework.ui.Model)
2018-05-16 15:35:52,034 INFO (AbstractHandlerMethodMapping.java:543)- Mapped "{[/validateCode]}" onto public void com.ztgm.iot.controller.WebController.LoginController.validateCode(javax.servlet.http.HttpServletRequest,javax.servlet.http.HttpServletResponse) throws java.lang.Exception
2018-05-16 15:35:52,035 INFO (AbstractHandlerMethodMapping.java:543)- Mapped "{[/privilege/permission/index]}" onto public java.lang.String com.ztgm.iot.controller.WebController.PermissionController.index(java.util.Map<java.lang.String, java.lang.Object>,javax.servlet.http.HttpServletRequest,javax.servlet.http.HttpServletResponse)
2018-05-16 15:35:52,036 INFO (AbstractHandlerMethodMapping.java:543)- Mapped "{[/privilege/permission/update]}" onto public java.lang.String com.ztgm.iot.controller.WebController.PermissionController.update(com.ztgm.iot.pojo.Permission,javax.servlet.http.HttpServletRequest)
2018-05-16 15:35:52,036 INFO (AbstractHandlerMethodMapping.java:543)- Mapped "{[/privilege/permission/load]}" onto public com.ztgm.iot.pojo.Permission com.ztgm.iot.controller.WebController.PermissionController.load(javax.servlet.http.HttpServletRequest)
2018-05-16 15:35:52,037 INFO (AbstractHandlerMethodMapping.java:543)- Mapped "{[/privilege/permission/list]}" onto public java.lang.String com.ztgm.iot.controller.WebController.PermissionController.list(java.util.Map<java.lang.String, java.lang.String>,javax.servlet.http.HttpServletRequest,javax.servlet.http.HttpServletResponse)
2018-05-16 15:35:52,037 INFO (AbstractHandlerMethodMapping.java:543)- Mapped "{[/privilege/permission/save]}" onto public java.lang.String com.ztgm.iot.controller.WebController.PermissionController.save(com.ztgm.iot.pojo.Permission,javax.servlet.http.HttpServletRequest)
2018-05-16 15:35:52,038 INFO (AbstractHandlerMethodMapping.java:543)- Mapped "{[/privilege/permission/delete]}" onto public com.ztgm.iot.util.Message com.ztgm.iot.controller.WebController.PermissionController.updateNoticeRead(javax.servlet.http.HttpServletRequest)
2018-05-16 15:35:52,038 INFO (AbstractHandlerMethodMapping.java:543)- Mapped "{[/privilege/permission/getMenuTree],methods=[POST]}" onto public java.util.List<java.lang.String> com.ztgm.iot.controller.WebController.PermissionController.getMenuTree(java.lang.String)
2018-05-16 15:35:52,040 INFO (AbstractHandlerMethodMapping.java:543)- Mapped "{[/privilege/role/index]}" onto public java.lang.String com.ztgm.iot.controller.WebController.RoleController.index(java.util.Map<java.lang.String, java.lang.Object>,javax.servlet.http.HttpServletRequest,javax.servlet.http.HttpServletResponse)
2018-05-16 15:35:52,042 INFO (AbstractHandlerMethodMapping.java:543)- Mapped "{[/privilege/role/update]}" onto public java.lang.String com.ztgm.iot.controller.WebController.RoleController.update(com.ztgm.iot.pojo.Role,javax.servlet.http.HttpServletRequest)
2018-05-16 15:35:52,042 INFO (AbstractHandlerMethodMapping.java:543)- Mapped "{[/privilege/role/load]}" onto public com.ztgm.iot.pojo.Role com.ztgm.iot.controller.WebController.RoleController.load(javax.servlet.http.HttpServletRequest)
2018-05-16 15:35:52,043 INFO (AbstractHandlerMethodMapping.java:543)- Mapped "{[/privilege/role/list]}" onto public java.lang.String com.ztgm.iot.controller.WebController.RoleController.list(java.util.Map<java.lang.String, java.lang.String>,javax.servlet.http.HttpServletRequest,javax.servlet.http.HttpServletResponse)
2018-05-16 15:35:52,043 INFO (AbstractHandlerMethodMapping.java:543)- Mapped "{[/privilege/role/save]}" onto public java.lang.String com.ztgm.iot.controller.WebController.RoleController.save(com.ztgm.iot.pojo.Role,javax.servlet.http.HttpServletRequest)
2018-05-16 15:35:52,044 INFO (AbstractHandlerMethodMapping.java:543)- Mapped "{[/privilege/role/delete]}" onto public com.ztgm.iot.util.Message com.ztgm.iot.controller.WebController.RoleController.updateNoticeRead(javax.servlet.http.HttpServletRequest)
2018-05-16 15:35:52,044 INFO (AbstractHandlerMethodMapping.java:543)- Mapped "{[/privilege/role/getRoleTree],methods=[POST]}" onto public java.util.List<java.lang.String> com.ztgm.iot.controller.WebController.RoleController.getRoleTree(java.lang.String)
2018-05-16 15:35:52,046 INFO (AbstractHandlerMethodMapping.java:543)- Mapped "{[/manager/user/list]}" onto public java.lang.String com.ztgm.iot.controller.WebController.UserController.list(java.util.Map<java.lang.String, java.lang.String>,javax.servlet.http.HttpServletRequest,javax.servlet.http.HttpServletResponse)
2018-05-16 15:35:52,047 INFO (AbstractHandlerMethodMapping.java:543)- Mapped "{[/manager/user/manager]}" onto public java.lang.String com.ztgm.iot.controller.WebController.UserController.manager(java.util.Map<java.lang.String, java.lang.String>,org.springframework.ui.Model)
2018-05-16 15:35:52,047 INFO (AbstractHandlerMethodMapping.java:543)- Mapped "{[/manager/user/getUser]}" onto public java.lang.String com.ztgm.iot.controller.WebController.UserController.getUser(java.util.Map<java.lang.String, java.lang.String>)
2018-05-16 15:35:52,047 INFO (AbstractHandlerMethodMapping.java:543)- Mapped "{[/manager/user/deleteUser]}" onto public com.ztgm.iot.util.Message com.ztgm.iot.controller.WebController.UserController.UserList(javax.servlet.http.HttpServletRequest)
2018-05-16 15:35:52,048 INFO (AbstractHandlerMethodMapping.java:543)- Mapped "{[/manager/user/UserList]}" onto public java.util.List<java.util.Map> com.ztgm.iot.controller.WebController.UserController.UserList()
2018-05-16 15:35:52,048 INFO (AbstractHandlerMethodMapping.java:543)- Mapped "{[/manager/user/saveOrUpdate]}" onto public java.lang.String com.ztgm.iot.controller.WebController.UserController.saveOrUpdate(com.ztgm.iot.pojo.User,org.springframework.ui.Model,javax.servlet.http.HttpServletRequest)
2018-05-16 15:35:52,048 INFO (AbstractHandlerMethodMapping.java:543)- Mapped "{[/manager/user/permissionTransfer]}" onto public java.util.Map<java.lang.String, java.lang.String> com.ztgm.iot.controller.WebController.UserController.controlPermissionTransfer(java.lang.String)
2018-05-16 15:35:52,049 INFO (AbstractHandlerMethodMapping.java:543)- Mapped "{[/manager/user/etrpermissionTransfer]}" onto public java.lang.String com.ztgm.iot.controller.WebController.UserController.etrPermissionTransfer()
2018-05-16 15:35:52,049 INFO (AbstractHandlerMethodMapping.java:543)- Mapped "{[/mqtt/acl]}" onto public void com.ztgm.iot.service.mqtt.MqttAuth.alc(javax.servlet.http.HttpServletRequest,javax.servlet.http.HttpServletResponse)
2018-05-16 15:35:52,049 INFO (AbstractHandlerMethodMapping.java:543)- Mapped "{[/mqtt/auth]}" onto public void com.ztgm.iot.service.mqtt.MqttAuth.auth(javax.servlet.http.HttpServletRequest,javax.servlet.http.HttpServletResponse)
2018-05-16 15:35:52,051 INFO (AbstractHandlerMethodMapping.java:543)- Mapped "{[/error]}" onto public org.springframework.http.ResponseEntity<java.util.Map<java.lang.String, java.lang.Object>> org.springframework.boot.autoconfigure.web.BasicErrorController.error(javax.servlet.http.HttpServletRequest)
2018-05-16 15:35:52,052 INFO (AbstractHandlerMethodMapping.java:543)- Mapped "{[/error],produces=[text/html]}" onto public org.springframework.web.servlet.ModelAndView org.springframework.boot.autoconfigure.web.BasicErrorController.errorHtml(javax.servlet.http.HttpServletRequest,javax.servlet.http.HttpServletResponse)
2018-05-16 15:35:52,312 INFO (AbstractUrlHandlerMapping.java:362)- Mapped URL path [/webjars/**] onto handler of type [class org.springframework.web.servlet.resource.ResourceHttpRequestHandler]
2018-05-16 15:35:52,313 INFO (AbstractUrlHandlerMapping.java:362)- Mapped URL path [/**] onto handler of type [class org.springframework.web.servlet.resource.ResourceHttpRequestHandler]
2018-05-16 15:35:52,417 INFO (ExceptionHandlerExceptionResolver.java:273)- Detected @ExceptionHandler methods in baseController
2018-05-16 15:35:52,418 INFO (ExceptionHandlerExceptionResolver.java:273)- Detected @ExceptionHandler methods in permissionController
2018-05-16 15:35:52,418 INFO (ExceptionHandlerExceptionResolver.java:273)- Detected @ExceptionHandler methods in roleController
2018-05-16 15:35:52,517 INFO (AbstractUrlHandlerMapping.java:362)- Mapped URL path [/**/favicon.ico] onto handler of type [class org.springframework.web.servlet.resource.ResourceHttpRequestHandler]
2018-05-16 15:35:54,287 INFO (AbstractHandlerMethodMapping.java:543)- Mapped "{[/loggers/{name:.*}],methods=[GET],produces=[application/vnd.spring-boot.actuator.v1+json || application/json]}" onto public java.lang.Object org.springframework.boot.actuate.endpoint.mvc.LoggersMvcEndpoint.get(java.lang.String)
2018-05-16 15:35:54,288 INFO (AbstractHandlerMethodMapping.java:543)- Mapped "{[/loggers/{name:.*}],methods=[POST],consumes=[application/vnd.spring-boot.actuator.v1+json || application/json],produces=[application/vnd.spring-boot.actuator.v1+json || application/json]}" onto public java.lang.Object org.springframework.boot.actuate.endpoint.mvc.LoggersMvcEndpoint.set(java.lang.String,java.util.Map<java.lang.String, java.lang.String>)
2018-05-16 15:35:54,288 INFO (AbstractHandlerMethodMapping.java:543)- Mapped "{[/loggers || /loggers.json],methods=[GET],produces=[application/vnd.spring-boot.actuator.v1+json || application/json]}" onto public java.lang.Object org.springframework.boot.actuate.endpoint.mvc.EndpointMvcAdapter.invoke()
2018-05-16 15:35:54,288 INFO (AbstractHandlerMethodMapping.java:543)- Mapped "{[/beans || /beans.json],methods=[GET],produces=[application/vnd.spring-boot.actuator.v1+json || application/json]}" onto public java.lang.Object org.springframework.boot.actuate.endpoint.mvc.EndpointMvcAdapter.invoke()
2018-05-16 15:35:54,289 INFO (AbstractHandlerMethodMapping.java:543)- Mapped "{[/auditevents || /auditevents.json],methods=[GET],produces=[application/vnd.spring-boot.actuator.v1+json || application/json]}" onto public org.springframework.http.ResponseEntity<?> org.springframework.boot.actuate.endpoint.mvc.AuditEventsMvcEndpoint.findByPrincipalAndAfterAndType(java.lang.String,java.util.Date,java.lang.String)
2018-05-16 15:35:54,290 INFO (AbstractHandlerMethodMapping.java:543)- Mapped "{[/autoconfig || /autoconfig.json],methods=[GET],produces=[application/vnd.spring-boot.actuator.v1+json || application/json]}" onto public java.lang.Object org.springframework.boot.actuate.endpoint.mvc.EndpointMvcAdapter.invoke()
2018-05-16 15:35:54,290 INFO (AbstractHandlerMethodMapping.java:543)- Mapped "{[/mappings || /mappings.json],methods=[GET],produces=[application/vnd.spring-boot.actuator.v1+json || application/json]}" onto public java.lang.Object org.springframework.boot.actuate.endpoint.mvc.EndpointMvcAdapter.invoke()
2018-05-16 15:35:54,291 INFO (AbstractHandlerMethodMapping.java:543)- Mapped "{[/health || /health.json],methods=[GET],produces=[application/vnd.spring-boot.actuator.v1+json || application/json]}" onto public java.lang.Object org.springframework.boot.actuate.endpoint.mvc.HealthMvcEndpoint.invoke(javax.servlet.http.HttpServletRequest,java.security.Principal)
2018-05-16 15:35:54,292 INFO (AbstractHandlerMethodMapping.java:543)- Mapped "{[/trace || /trace.json],methods=[GET],produces=[application/vnd.spring-boot.actuator.v1+json || application/json]}" onto public java.lang.Object org.springframework.boot.actuate.endpoint.mvc.EndpointMvcAdapter.invoke()
2018-05-16 15:35:54,293 INFO (AbstractHandlerMethodMapping.java:543)- Mapped "{[/info || /info.json],methods=[GET],produces=[application/vnd.spring-boot.actuator.v1+json || application/json]}" onto public java.lang.Object org.springframework.boot.actuate.endpoint.mvc.EndpointMvcAdapter.invoke()
2018-05-16 15:35:54,294 INFO (AbstractHandlerMethodMapping.java:543)- Mapped "{[/configprops || /configprops.json],methods=[GET],produces=[application/vnd.spring-boot.actuator.v1+json || application/json]}" onto public java.lang.Object org.springframework.boot.actuate.endpoint.mvc.EndpointMvcAdapter.invoke()
2018-05-16 15:35:54,295 INFO (AbstractHandlerMethodMapping.java:543)- Mapped "{[/dump || /dump.json],methods=[GET],produces=[application/vnd.spring-boot.actuator.v1+json || application/json]}" onto public java.lang.Object org.springframework.boot.actuate.endpoint.mvc.EndpointMvcAdapter.invoke()
2018-05-16 15:35:54,296 INFO (AbstractHandlerMethodMapping.java:543)- Mapped "{[/heapdump || /heapdump.json],methods=[GET],produces=[application/octet-stream]}" onto public void org.springframework.boot.actuate.endpoint.mvc.HeapdumpMvcEndpoint.invoke(boolean,javax.servlet.http.HttpServletRequest,javax.servlet.http.HttpServletResponse) throws java.io.IOException,javax.servlet.ServletException
2018-05-16 15:35:54,298 INFO (AbstractHandlerMethodMapping.java:543)- Mapped "{[/env/{name:.*}],methods=[GET],produces=[application/vnd.spring-boot.actuator.v1+json || application/json]}" onto public java.lang.Object org.springframework.boot.actuate.endpoint.mvc.EnvironmentMvcEndpoint.value(java.lang.String)
2018-05-16 15:35:54,298 INFO (AbstractHandlerMethodMapping.java:543)- Mapped "{[/env || /env.json],methods=[GET],produces=[application/vnd.spring-boot.actuator.v1+json || application/json]}" onto public java.lang.Object org.springframework.boot.actuate.endpoint.mvc.EndpointMvcAdapter.invoke()
2018-05-16 15:35:54,299 INFO (AbstractHandlerMethodMapping.java:543)- Mapped "{[/metrics/{name:.*}],methods=[GET],produces=[application/vnd.spring-boot.actuator.v1+json || application/json]}" onto public java.lang.Object org.springframework.boot.actuate.endpoint.mvc.MetricsMvcEndpoint.value(java.lang.String)
2018-05-16 15:35:54,299 INFO (AbstractHandlerMethodMapping.java:543)- Mapped "{[/metrics || /metrics.json],methods=[GET],produces=[application/vnd.spring-boot.actuator.v1+json || application/json]}" onto public java.lang.Object org.springframework.boot.actuate.endpoint.mvc.EndpointMvcAdapter.invoke()
2018-05-16 15:35:54,658 INFO (FreeMarkerConfigurer.java:127)- ClassTemplateLoader for Spring macros added to FreeMarker configuration
2018-05-16 15:35:55,238 INFO (MBeanExporter.java:431)- Registering beans for JMX exposure on startup
2018-05-16 15:35:55,241 INFO (MBeanExporter.java:916)- Bean with name 'dataSource' has been autodetected for JMX exposure
2018-05-16 15:35:55,247 INFO (MBeanExporter.java:671)- Located MBean 'dataSource': registering with JMX server as MBean [com.alibaba.druid.pool:name=dataSource,type=DruidDataSource]
2018-05-16 15:35:55,248 INFO (MBeanExporter.java:431)- Registering beans for JMX exposure on startup
2018-05-16 15:35:55,253 INFO (DefaultLifecycleProcessor.java:343)- Starting beans in phase 0
2018-05-16 15:35:55,255 INFO (MBeanExporter.java:678)- Located managed bean 'auditEventsEndpoint': registering with JMX server as MBean [org.springframework.boot:type=Endpoint,name=auditEventsEndpoint]
2018-05-16 15:35:55,272 INFO (MBeanExporter.java:678)- Located managed bean 'requestMappingEndpoint': registering with JMX server as MBean [org.springframework.boot:type=Endpoint,name=requestMappingEndpoint]
2018-05-16 15:35:55,282 INFO (MBeanExporter.java:678)- Located managed bean 'environmentEndpoint': registering with JMX server as MBean [org.springframework.boot:type=Endpoint,name=environmentEndpoint]
2018-05-16 15:35:55,287 INFO (MBeanExporter.java:678)- Located managed bean 'healthEndpoint': registering with JMX server as MBean [org.springframework.boot:type=Endpoint,name=healthEndpoint]
2018-05-16 15:35:55,290 INFO (MBeanExporter.java:678)- Located managed bean 'beansEndpoint': registering with JMX server as MBean [org.springframework.boot:type=Endpoint,name=beansEndpoint]
2018-05-16 15:35:55,294 INFO (MBeanExporter.java:678)- Located managed bean 'infoEndpoint': registering with JMX server as MBean [org.springframework.boot:type=Endpoint,name=infoEndpoint]
2018-05-16 15:35:55,297 INFO (MBeanExporter.java:678)- Located managed bean 'loggersEndpoint': registering with JMX server as MBean [org.springframework.boot:type=Endpoint,name=loggersEndpoint]
2018-05-16 15:35:55,304 INFO (MBeanExporter.java:678)- Located managed bean 'metricsEndpoint': registering with JMX server as MBean [org.springframework.boot:type=Endpoint,name=metricsEndpoint]
2018-05-16 15:35:55,307 INFO (MBeanExporter.java:678)- Located managed bean 'traceEndpoint': registering with JMX server as MBean [org.springframework.boot:type=Endpoint,name=traceEndpoint]
2018-05-16 15:35:55,310 INFO (MBeanExporter.java:678)- Located managed bean 'dumpEndpoint': registering with JMX server as MBean [org.springframework.boot:type=Endpoint,name=dumpEndpoint]
2018-05-16 15:35:55,313 INFO (MBeanExporter.java:678)- Located managed bean 'autoConfigurationReportEndpoint': registering with JMX server as MBean [org.springframework.boot:type=Endpoint,name=autoConfigurationReportEndpoint]
2018-05-16 15:35:55,316 INFO (MBeanExporter.java:678)- Located managed bean 'configurationPropertiesReportEndpoint': registering with JMX server as MBean [org.springframework.boot:type=Endpoint,name=configurationPropertiesReportEndpoint]
2018-05-16 15:35:55,327 INFO (ScheduledAnnotationBeanPostProcessor.java:267)- No TaskScheduler/ScheduledExecutorService bean found for scheduled processing
2018-05-16 15:35:55,339 INFO (DirectJDKLog.java:179)- Initializing ProtocolHandler ["http-nio-9090"]
2018-05-16 15:35:55,363 INFO (DirectJDKLog.java:179)- Starting ProtocolHandler ["http-nio-9090"]
2018-05-16 15:35:55,426 INFO (DirectJDKLog.java:179)- Using a shared selector for servlet write/read
2018-05-16 15:35:55,450 INFO (TomcatEmbeddedServletContainer.java:201)- Tomcat started on port(s): 9090 (http)
2018-05-16 15:35:55,455 INFO (StartupInfoLogger.java:57)- Started ZshopApplication in 12.18 seconds (JVM running for 13.287)
2018-05-16 15:36:23,566 INFO (DirectJDKLog.java:179)- Initializing Spring FrameworkServlet 'dispatcherServlet'
2018-05-16 15:36:23,566 INFO (FrameworkServlet.java:489)- FrameworkServlet 'dispatcherServlet': initialization started
2018-05-16 15:36:23,605 INFO (FrameworkServlet.java:508)- FrameworkServlet 'dispatcherServlet': initialization completed in 39 ms
2018-05-16 15:36:31,389 INFO (MyShiroRealm.java:63)- ##################执行Shiro权限认证##################
2018-05-16 15:40:30,629 INFO (MyShiroRealm.java:63)- ##################执行Shiro权限认证##################
2018-05-16 15:40:45,524 ERROR (BaseController.java:77)- 服务运行异常
java.lang.RuntimeException: null
	at com.ztgm.iot.service.impl.RoleServiceImpl.updateByPrimaryKeySelective(RoleServiceImpl.java:208)
	at com.ztgm.iot.controller.WebController.RoleController.update(RoleController.java:194)
	at sun.reflect.NativeMethodAccessorImpl.invoke0(Native Method)
	at sun.reflect.NativeMethodAccessorImpl.invoke(Unknown Source)
	at sun.reflect.DelegatingMethodAccessorImpl.invoke(Unknown Source)
	at java.lang.reflect.Method.invoke(Unknown Source)
	at org.springframework.web.method.support.InvocableHandlerMethod.doInvoke(InvocableHandlerMethod.java:205)
	at org.springframework.web.method.support.InvocableHandlerMethod.invokeForRequest(InvocableHandlerMethod.java:133)
	at org.springframework.web.servlet.mvc.method.annotation.ServletInvocableHandlerMethod.invokeAndHandle(ServletInvocableHandlerMethod.java:97)
	at org.springframework.web.servlet.mvc.method.annotation.RequestMappingHandlerAdapter.invokeHandlerMethod(RequestMappingHandlerAdapter.java:827)
	at org.springframework.web.servlet.mvc.method.annotation.RequestMappingHandlerAdapter.handleInternal(RequestMappingHandlerAdapter.java:738)
	at org.springframework.web.servlet.mvc.method.AbstractHandlerMethodAdapter.handle(AbstractHandlerMethodAdapter.java:85)
	at org.springframework.web.servlet.DispatcherServlet.doDispatch(DispatcherServlet.java:967)
	at org.springframework.web.servlet.DispatcherServlet.doService(DispatcherServlet.java:901)
	at org.springframework.web.servlet.FrameworkServlet.processRequest(FrameworkServlet.java:970)
	at org.springframework.web.servlet.FrameworkServlet.doPost(FrameworkServlet.java:872)
	at javax.servlet.http.HttpServlet.service(HttpServlet.java:661)
	at org.springframework.web.servlet.FrameworkServlet.service(FrameworkServlet.java:846)
	at javax.servlet.http.HttpServlet.service(HttpServlet.java:742)
	at org.apache.catalina.core.ApplicationFilterChain.internalDoFilter(ApplicationFilterChain.java:231)
	at org.apache.catalina.core.ApplicationFilterChain.doFilter(ApplicationFilterChain.java:166)
	at org.apache.tomcat.websocket.server.WsFilter.doFilter(WsFilter.java:52)
	at org.apache.catalina.core.ApplicationFilterChain.internalDoFilter(ApplicationFilterChain.java:193)
	at org.apache.catalina.core.ApplicationFilterChain.doFilter(ApplicationFilterChain.java:166)
	at org.springframework.boot.web.filter.ApplicationContextHeaderFilter.doFilterInternal(ApplicationContextHeaderFilter.java:55)
	at org.springframework.web.filter.OncePerRequestFilter.doFilter(OncePerRequestFilter.java:107)
	at org.apache.catalina.core.ApplicationFilterChain.internalDoFilter(ApplicationFilterChain.java:193)
	at org.apache.catalina.core.ApplicationFilterChain.doFilter(ApplicationFilterChain.java:166)
	at org.apache.shiro.web.servlet.ProxiedFilterChain.doFilter(ProxiedFilterChain.java:61)
	at org.apache.shiro.web.servlet.AdviceFilter.executeChain(AdviceFilter.java:108)
	at org.apache.shiro.web.servlet.AdviceFilter.doFilterInternal(AdviceFilter.java:137)
	at org.apache.shiro.web.servlet.OncePerRequestFilter.doFilter(OncePerRequestFilter.java:125)
	at org.apache.shiro.web.servlet.ProxiedFilterChain.doFilter(ProxiedFilterChain.java:66)
	at org.apache.shiro.web.servlet.AbstractShiroFilter.executeChain(AbstractShiroFilter.java:449)
	at org.apache.shiro.web.servlet.AbstractShiroFilter$1.call(AbstractShiroFilter.java:365)
	at org.apache.shiro.subject.support.SubjectCallable.doCall(SubjectCallable.java:90)
	at org.apache.shiro.subject.support.SubjectCallable.call(SubjectCallable.java:83)
	at org.apache.shiro.subject.support.DelegatingSubject.execute(DelegatingSubject.java:387)
	at org.apache.shiro.web.servlet.AbstractShiroFilter.doFilterInternal(AbstractShiroFilter.java:362)
	at org.apache.shiro.web.servlet.OncePerRequestFilter.doFilter(OncePerRequestFilter.java:125)
	at org.apache.catalina.core.ApplicationFilterChain.internalDoFilter(ApplicationFilterChain.java:193)
	at org.apache.catalina.core.ApplicationFilterChain.doFilter(ApplicationFilterChain.java:166)
	at com.alibaba.druid.support.http.WebStatFilter.doFilter(WebStatFilter.java:123)
	at org.apache.catalina.core.ApplicationFilterChain.internalDoFilter(ApplicationFilterChain.java:193)
	at org.apache.catalina.core.ApplicationFilterChain.doFilter(ApplicationFilterChain.java:166)
	at org.sitemesh.webapp.contentfilter.ContentBufferingFilter.bufferAndPostProcess(ContentBufferingFilter.java:169)
	at org.sitemesh.webapp.contentfilter.ContentBufferingFilter.doFilter(ContentBufferingFilter.java:126)
	at org.sitemesh.webapp.SiteMeshFilter.doFilter(SiteMeshFilter.java:120)
	at org.sitemesh.config.ConfigurableSiteMeshFilter.doFilter(ConfigurableSiteMeshFilter.java:163)
	at org.apache.catalina.core.ApplicationFilterChain.internalDoFilter(ApplicationFilterChain.java:193)
	at org.apache.catalina.core.ApplicationFilterChain.doFilter(ApplicationFilterChain.java:166)
	at org.springframework.boot.actuate.trace.WebRequestTraceFilter.doFilterInternal(WebRequestTraceFilter.java:110)
	at org.springframework.web.filter.OncePerRequestFilter.doFilter(OncePerRequestFilter.java:107)
	at org.apache.catalina.core.ApplicationFilterChain.internalDoFilter(ApplicationFilterChain.java:193)
	at org.apache.catalina.core.ApplicationFilterChain.doFilter(ApplicationFilterChain.java:166)
	at org.springframework.web.filter.RequestContextFilter.doFilterInternal(RequestContextFilter.java:99)
	at org.springframework.web.filter.OncePerRequestFilter.doFilter(OncePerRequestFilter.java:107)
	at org.apache.catalina.core.ApplicationFilterChain.internalDoFilter(ApplicationFilterChain.java:193)
	at org.apache.catalina.core.ApplicationFilterChain.doFilter(ApplicationFilterChain.java:166)
	at org.springframework.web.filter.HttpPutFormContentFilter.doFilterInternal(HttpPutFormContentFilter.java:108)
	at org.springframework.web.filter.OncePerRequestFilter.doFilter(OncePerRequestFilter.java:107)
	at org.apache.catalina.core.ApplicationFilterChain.internalDoFilter(ApplicationFilterChain.java:193)
	at org.apache.catalina.core.ApplicationFilterChain.doFilter(ApplicationFilterChain.java:166)
	at org.springframework.web.filter.HiddenHttpMethodFilter.doFilterInternal(HiddenHttpMethodFilter.java:81)
	at org.springframework.web.filter.OncePerRequestFilter.doFilter(OncePerRequestFilter.java:107)
	at org.apache.catalina.core.ApplicationFilterChain.internalDoFilter(ApplicationFilterChain.java:193)
	at org.apache.catalina.core.ApplicationFilterChain.doFilter(ApplicationFilterChain.java:166)
	at org.springframework.web.filter.CharacterEncodingFilter.doFilterInternal(CharacterEncodingFilter.java:197)
	at org.springframework.web.filter.OncePerRequestFilter.doFilter(OncePerRequestFilter.java:107)
	at org.apache.catalina.core.ApplicationFilterChain.internalDoFilter(ApplicationFilterChain.java:193)
	at org.apache.catalina.core.ApplicationFilterChain.doFilter(ApplicationFilterChain.java:166)
	at org.springframework.boot.actuate.autoconfigure.MetricsFilter.doFilterInternal(MetricsFilter.java:106)
	at org.springframework.web.filter.OncePerRequestFilter.doFilter(OncePerRequestFilter.java:107)
	at org.apache.catalina.core.ApplicationFilterChain.internalDoFilter(ApplicationFilterChain.java:193)
	at org.apache.catalina.core.ApplicationFilterChain.doFilter(ApplicationFilterChain.java:166)
	at org.apache.catalina.core.StandardWrapperValve.invoke(StandardWrapperValve.java:199)
	at org.apache.catalina.core.StandardContextValve.invoke(StandardContextValve.java:96)
	at org.apache.catalina.authenticator.AuthenticatorBase.invoke(AuthenticatorBase.java:478)
	at org.apache.catalina.core.StandardHostValve.invoke(StandardHostValve.java:140)
	at org.apache.catalina.valves.ErrorReportValve.invoke(ErrorReportValve.java:81)
	at org.apache.catalina.core.StandardEngineValve.invoke(StandardEngineValve.java:87)
	at org.apache.catalina.connector.CoyoteAdapter.service(CoyoteAdapter.java:342)
	at org.apache.coyote.http11.Http11Processor.service(Http11Processor.java:803)
	at org.apache.coyote.AbstractProcessorLight.process(AbstractProcessorLight.java:66)
	at org.apache.coyote.AbstractProtocol$ConnectionHandler.process(AbstractProtocol.java:868)
	at org.apache.tomcat.util.net.NioEndpoint$SocketProcessor.doRun(NioEndpoint.java:1459)
	at org.apache.tomcat.util.net.SocketProcessorBase.run(SocketProcessorBase.java:49)
	at java.util.concurrent.ThreadPoolExecutor.runWorker(Unknown Source)
	at java.util.concurrent.ThreadPoolExecutor$Worker.run(Unknown Source)
	at org.apache.tomcat.util.threads.TaskThread$WrappingRunnable.run(TaskThread.java:61)
	at java.lang.Thread.run(Unknown Source)
2018-05-16 15:40:45,524 ERROR (BaseController.java:77)- 服务运行异常
java.lang.RuntimeException: null
	at com.ztgm.iot.service.impl.RoleServiceImpl.updateByPrimaryKeySelective(RoleServiceImpl.java:208)
	at com.ztgm.iot.controller.WebController.RoleController.update(RoleController.java:194)
	at sun.reflect.NativeMethodAccessorImpl.invoke0(Native Method)
	at sun.reflect.NativeMethodAccessorImpl.invoke(Unknown Source)
	at sun.reflect.DelegatingMethodAccessorImpl.invoke(Unknown Source)
	at java.lang.reflect.Method.invoke(Unknown Source)
	at org.springframework.web.method.support.InvocableHandlerMethod.doInvoke(InvocableHandlerMethod.java:205)
	at org.springframework.web.method.support.InvocableHandlerMethod.invokeForRequest(InvocableHandlerMethod.java:133)
	at org.springframework.web.servlet.mvc.method.annotation.ServletInvocableHandlerMethod.invokeAndHandle(ServletInvocableHandlerMethod.java:97)
	at org.springframework.web.servlet.mvc.method.annotation.RequestMappingHandlerAdapter.invokeHandlerMethod(RequestMappingHandlerAdapter.java:827)
	at org.springframework.web.servlet.mvc.method.annotation.RequestMappingHandlerAdapter.handleInternal(RequestMappingHandlerAdapter.java:738)
	at org.springframework.web.servlet.mvc.method.AbstractHandlerMethodAdapter.handle(AbstractHandlerMethodAdapter.java:85)
	at org.springframework.web.servlet.DispatcherServlet.doDispatch(DispatcherServlet.java:967)
	at org.springframework.web.servlet.DispatcherServlet.doService(DispatcherServlet.java:901)
	at org.springframework.web.servlet.FrameworkServlet.processRequest(FrameworkServlet.java:970)
	at org.springframework.web.servlet.FrameworkServlet.doPost(FrameworkServlet.java:872)
	at javax.servlet.http.HttpServlet.service(HttpServlet.java:661)
	at org.springframework.web.servlet.FrameworkServlet.service(FrameworkServlet.java:846)
	at javax.servlet.http.HttpServlet.service(HttpServlet.java:742)
	at org.apache.catalina.core.ApplicationFilterChain.internalDoFilter(ApplicationFilterChain.java:231)
	at org.apache.catalina.core.ApplicationFilterChain.doFilter(ApplicationFilterChain.java:166)
	at org.apache.tomcat.websocket.server.WsFilter.doFilter(WsFilter.java:52)
	at org.apache.catalina.core.ApplicationFilterChain.internalDoFilter(ApplicationFilterChain.java:193)
	at org.apache.catalina.core.ApplicationFilterChain.doFilter(ApplicationFilterChain.java:166)
	at org.springframework.boot.web.filter.ApplicationContextHeaderFilter.doFilterInternal(ApplicationContextHeaderFilter.java:55)
	at org.springframework.web.filter.OncePerRequestFilter.doFilter(OncePerRequestFilter.java:107)
	at org.apache.catalina.core.ApplicationFilterChain.internalDoFilter(ApplicationFilterChain.java:193)
	at org.apache.catalina.core.ApplicationFilterChain.doFilter(ApplicationFilterChain.java:166)
	at org.apache.shiro.web.servlet.ProxiedFilterChain.doFilter(ProxiedFilterChain.java:61)
	at org.apache.shiro.web.servlet.AdviceFilter.executeChain(AdviceFilter.java:108)
	at org.apache.shiro.web.servlet.AdviceFilter.doFilterInternal(AdviceFilter.java:137)
	at org.apache.shiro.web.servlet.OncePerRequestFilter.doFilter(OncePerRequestFilter.java:125)
	at org.apache.shiro.web.servlet.ProxiedFilterChain.doFilter(ProxiedFilterChain.java:66)
	at org.apache.shiro.web.servlet.AbstractShiroFilter.executeChain(AbstractShiroFilter.java:449)
	at org.apache.shiro.web.servlet.AbstractShiroFilter$1.call(AbstractShiroFilter.java:365)
	at org.apache.shiro.subject.support.SubjectCallable.doCall(SubjectCallable.java:90)
	at org.apache.shiro.subject.support.SubjectCallable.call(SubjectCallable.java:83)
	at org.apache.shiro.subject.support.DelegatingSubject.execute(DelegatingSubject.java:387)
	at org.apache.shiro.web.servlet.AbstractShiroFilter.doFilterInternal(AbstractShiroFilter.java:362)
	at org.apache.shiro.web.servlet.OncePerRequestFilter.doFilter(OncePerRequestFilter.java:125)
	at org.apache.catalina.core.ApplicationFilterChain.internalDoFilter(ApplicationFilterChain.java:193)
	at org.apache.catalina.core.ApplicationFilterChain.doFilter(ApplicationFilterChain.java:166)
	at com.alibaba.druid.support.http.WebStatFilter.doFilter(WebStatFilter.java:123)
	at org.apache.catalina.core.ApplicationFilterChain.internalDoFilter(ApplicationFilterChain.java:193)
	at org.apache.catalina.core.ApplicationFilterChain.doFilter(ApplicationFilterChain.java:166)
	at org.sitemesh.webapp.contentfilter.ContentBufferingFilter.bufferAndPostProcess(ContentBufferingFilter.java:169)
	at org.sitemesh.webapp.contentfilter.ContentBufferingFilter.doFilter(ContentBufferingFilter.java:126)
	at org.sitemesh.webapp.SiteMeshFilter.doFilter(SiteMeshFilter.java:120)
	at org.sitemesh.config.ConfigurableSiteMeshFilter.doFilter(ConfigurableSiteMeshFilter.java:163)
	at org.apache.catalina.core.ApplicationFilterChain.internalDoFilter(ApplicationFilterChain.java:193)
	at org.apache.catalina.core.ApplicationFilterChain.doFilter(ApplicationFilterChain.java:166)
	at org.springframework.boot.actuate.trace.WebRequestTraceFilter.doFilterInternal(WebRequestTraceFilter.java:110)
	at org.springframework.web.filter.OncePerRequestFilter.doFilter(OncePerRequestFilter.java:107)
	at org.apache.catalina.core.ApplicationFilterChain.internalDoFilter(ApplicationFilterChain.java:193)
	at org.apache.catalina.core.ApplicationFilterChain.doFilter(ApplicationFilterChain.java:166)
	at org.springframework.web.filter.RequestContextFilter.doFilterInternal(RequestContextFilter.java:99)
	at org.springframework.web.filter.OncePerRequestFilter.doFilter(OncePerRequestFilter.java:107)
	at org.apache.catalina.core.ApplicationFilterChain.internalDoFilter(ApplicationFilterChain.java:193)
	at org.apache.catalina.core.ApplicationFilterChain.doFilter(ApplicationFilterChain.java:166)
	at org.springframework.web.filter.HttpPutFormContentFilter.doFilterInternal(HttpPutFormContentFilter.java:108)
	at org.springframework.web.filter.OncePerRequestFilter.doFilter(OncePerRequestFilter.java:107)
	at org.apache.catalina.core.ApplicationFilterChain.internalDoFilter(ApplicationFilterChain.java:193)
	at org.apache.catalina.core.ApplicationFilterChain.doFilter(ApplicationFilterChain.java:166)
	at org.springframework.web.filter.HiddenHttpMethodFilter.doFilterInternal(HiddenHttpMethodFilter.java:81)
	at org.springframework.web.filter.OncePerRequestFilter.doFilter(OncePerRequestFilter.java:107)
	at org.apache.catalina.core.ApplicationFilterChain.internalDoFilter(ApplicationFilterChain.java:193)
	at org.apache.catalina.core.ApplicationFilterChain.doFilter(ApplicationFilterChain.java:166)
	at org.springframework.web.filter.CharacterEncodingFilter.doFilterInternal(CharacterEncodingFilter.java:197)
	at org.springframework.web.filter.OncePerRequestFilter.doFilter(OncePerRequestFilter.java:107)
	at org.apache.catalina.core.ApplicationFilterChain.internalDoFilter(ApplicationFilterChain.java:193)
	at org.apache.catalina.core.ApplicationFilterChain.doFilter(ApplicationFilterChain.java:166)
	at org.springframework.boot.actuate.autoconfigure.MetricsFilter.doFilterInternal(MetricsFilter.java:106)
	at org.springframework.web.filter.OncePerRequestFilter.doFilter(OncePerRequestFilter.java:107)
	at org.apache.catalina.core.ApplicationFilterChain.internalDoFilter(ApplicationFilterChain.java:193)
	at org.apache.catalina.core.ApplicationFilterChain.doFilter(ApplicationFilterChain.java:166)
	at org.apache.catalina.core.StandardWrapperValve.invoke(StandardWrapperValve.java:199)
	at org.apache.catalina.core.StandardContextValve.invoke(StandardContextValve.java:96)
	at org.apache.catalina.authenticator.AuthenticatorBase.invoke(AuthenticatorBase.java:478)
	at org.apache.catalina.core.StandardHostValve.invoke(StandardHostValve.java:140)
	at org.apache.catalina.valves.ErrorReportValve.invoke(ErrorReportValve.java:81)
	at org.apache.catalina.core.StandardEngineValve.invoke(StandardEngineValve.java:87)
	at org.apache.catalina.connector.CoyoteAdapter.service(CoyoteAdapter.java:342)
	at org.apache.coyote.http11.Http11Processor.service(Http11Processor.java:803)
	at org.apache.coyote.AbstractProcessorLight.process(AbstractProcessorLight.java:66)
	at org.apache.coyote.AbstractProtocol$ConnectionHandler.process(AbstractProtocol.java:868)
	at org.apache.tomcat.util.net.NioEndpoint$SocketProcessor.doRun(NioEndpoint.java:1459)
	at org.apache.tomcat.util.net.SocketProcessorBase.run(SocketProcessorBase.java:49)
	at java.util.concurrent.ThreadPoolExecutor.runWorker(Unknown Source)
	at java.util.concurrent.ThreadPoolExecutor$Worker.run(Unknown Source)
	at org.apache.tomcat.util.threads.TaskThread$WrappingRunnable.run(TaskThread.java:61)
	at java.lang.Thread.run(Unknown Source)
2018-05-16 15:41:32,820 INFO (MyShiroRealm.java:63)- ##################执行Shiro权限认证##################
2018-05-16 15:42:56,708 INFO (MyShiroRealm.java:63)- ##################执行Shiro权限认证##################
2018-05-16 15:43:32,750 ERROR (BaseController.java:77)- 服务运行异常
java.lang.NullPointerException: null
	at com.ztgm.iot.controller.WebController.GroupUserController.showMemberList(GroupUserController.java:64)
	at sun.reflect.NativeMethodAccessorImpl.invoke0(Native Method)
	at sun.reflect.NativeMethodAccessorImpl.invoke(Unknown Source)
	at sun.reflect.DelegatingMethodAccessorImpl.invoke(Unknown Source)
	at java.lang.reflect.Method.invoke(Unknown Source)
	at org.springframework.web.method.support.InvocableHandlerMethod.doInvoke(InvocableHandlerMethod.java:205)
	at org.springframework.web.method.support.InvocableHandlerMethod.invokeForRequest(InvocableHandlerMethod.java:133)
	at org.springframework.web.servlet.mvc.method.annotation.ServletInvocableHandlerMethod.invokeAndHandle(ServletInvocableHandlerMethod.java:97)
	at org.springframework.web.servlet.mvc.method.annotation.RequestMappingHandlerAdapter.invokeHandlerMethod(RequestMappingHandlerAdapter.java:827)
	at org.springframework.web.servlet.mvc.method.annotation.RequestMappingHandlerAdapter.handleInternal(RequestMappingHandlerAdapter.java:738)
	at org.springframework.web.servlet.mvc.method.AbstractHandlerMethodAdapter.handle(AbstractHandlerMethodAdapter.java:85)
	at org.springframework.web.servlet.DispatcherServlet.doDispatch(DispatcherServlet.java:967)
	at org.springframework.web.servlet.DispatcherServlet.doService(DispatcherServlet.java:901)
	at org.springframework.web.servlet.FrameworkServlet.processRequest(FrameworkServlet.java:970)
	at org.springframework.web.servlet.FrameworkServlet.doGet(FrameworkServlet.java:861)
	at javax.servlet.http.HttpServlet.service(HttpServlet.java:635)
	at org.springframework.web.servlet.FrameworkServlet.service(FrameworkServlet.java:846)
	at javax.servlet.http.HttpServlet.service(HttpServlet.java:742)
	at org.apache.catalina.core.ApplicationFilterChain.internalDoFilter(ApplicationFilterChain.java:231)
	at org.apache.catalina.core.ApplicationFilterChain.doFilter(ApplicationFilterChain.java:166)
	at org.apache.tomcat.websocket.server.WsFilter.doFilter(WsFilter.java:52)
	at org.apache.catalina.core.ApplicationFilterChain.internalDoFilter(ApplicationFilterChain.java:193)
	at org.apache.catalina.core.ApplicationFilterChain.doFilter(ApplicationFilterChain.java:166)
	at org.springframework.boot.web.filter.ApplicationContextHeaderFilter.doFilterInternal(ApplicationContextHeaderFilter.java:55)
	at org.springframework.web.filter.OncePerRequestFilter.doFilter(OncePerRequestFilter.java:107)
	at org.apache.catalina.core.ApplicationFilterChain.internalDoFilter(ApplicationFilterChain.java:193)
	at org.apache.catalina.core.ApplicationFilterChain.doFilter(ApplicationFilterChain.java:166)
	at org.apache.shiro.web.servlet.ProxiedFilterChain.doFilter(ProxiedFilterChain.java:61)
	at org.apache.shiro.web.servlet.AdviceFilter.executeChain(AdviceFilter.java:108)
	at org.apache.shiro.web.servlet.AdviceFilter.doFilterInternal(AdviceFilter.java:137)
	at org.apache.shiro.web.servlet.OncePerRequestFilter.doFilter(OncePerRequestFilter.java:125)
	at org.apache.shiro.web.servlet.ProxiedFilterChain.doFilter(ProxiedFilterChain.java:66)
	at org.apache.shiro.web.servlet.AbstractShiroFilter.executeChain(AbstractShiroFilter.java:449)
	at org.apache.shiro.web.servlet.AbstractShiroFilter$1.call(AbstractShiroFilter.java:365)
	at org.apache.shiro.subject.support.SubjectCallable.doCall(SubjectCallable.java:90)
	at org.apache.shiro.subject.support.SubjectCallable.call(SubjectCallable.java:83)
	at org.apache.shiro.subject.support.DelegatingSubject.execute(DelegatingSubject.java:387)
	at org.apache.shiro.web.servlet.AbstractShiroFilter.doFilterInternal(AbstractShiroFilter.java:362)
	at org.apache.shiro.web.servlet.OncePerRequestFilter.doFilter(OncePerRequestFilter.java:125)
	at org.apache.catalina.core.ApplicationFilterChain.internalDoFilter(ApplicationFilterChain.java:193)
	at org.apache.catalina.core.ApplicationFilterChain.doFilter(ApplicationFilterChain.java:166)
	at com.alibaba.druid.support.http.WebStatFilter.doFilter(WebStatFilter.java:123)
	at org.apache.catalina.core.ApplicationFilterChain.internalDoFilter(ApplicationFilterChain.java:193)
	at org.apache.catalina.core.ApplicationFilterChain.doFilter(ApplicationFilterChain.java:166)
	at org.sitemesh.webapp.contentfilter.ContentBufferingFilter.bufferAndPostProcess(ContentBufferingFilter.java:169)
	at org.sitemesh.webapp.contentfilter.ContentBufferingFilter.doFilter(ContentBufferingFilter.java:126)
	at org.sitemesh.webapp.SiteMeshFilter.doFilter(SiteMeshFilter.java:120)
	at org.sitemesh.config.ConfigurableSiteMeshFilter.doFilter(ConfigurableSiteMeshFilter.java:163)
	at org.apache.catalina.core.ApplicationFilterChain.internalDoFilter(ApplicationFilterChain.java:193)
	at org.apache.catalina.core.ApplicationFilterChain.doFilter(ApplicationFilterChain.java:166)
	at org.springframework.boot.actuate.trace.WebRequestTraceFilter.doFilterInternal(WebRequestTraceFilter.java:110)
	at org.springframework.web.filter.OncePerRequestFilter.doFilter(OncePerRequestFilter.java:107)
	at org.apache.catalina.core.ApplicationFilterChain.internalDoFilter(ApplicationFilterChain.java:193)
	at org.apache.catalina.core.ApplicationFilterChain.doFilter(ApplicationFilterChain.java:166)
	at org.springframework.web.filter.RequestContextFilter.doFilterInternal(RequestContextFilter.java:99)
	at org.springframework.web.filter.OncePerRequestFilter.doFilter(OncePerRequestFilter.java:107)
	at org.apache.catalina.core.ApplicationFilterChain.internalDoFilter(ApplicationFilterChain.java:193)
	at org.apache.catalina.core.ApplicationFilterChain.doFilter(ApplicationFilterChain.java:166)
	at org.springframework.web.filter.HttpPutFormContentFilter.doFilterInternal(HttpPutFormContentFilter.java:108)
	at org.springframework.web.filter.OncePerRequestFilter.doFilter(OncePerRequestFilter.java:107)
	at org.apache.catalina.core.ApplicationFilterChain.internalDoFilter(ApplicationFilterChain.java:193)
	at org.apache.catalina.core.ApplicationFilterChain.doFilter(ApplicationFilterChain.java:166)
	at org.springframework.web.filter.HiddenHttpMethodFilter.doFilterInternal(HiddenHttpMethodFilter.java:81)
	at org.springframework.web.filter.OncePerRequestFilter.doFilter(OncePerRequestFilter.java:107)
	at org.apache.catalina.core.ApplicationFilterChain.internalDoFilter(ApplicationFilterChain.java:193)
	at org.apache.catalina.core.ApplicationFilterChain.doFilter(ApplicationFilterChain.java:166)
	at org.springframework.web.filter.CharacterEncodingFilter.doFilterInternal(CharacterEncodingFilter.java:197)
	at org.springframework.web.filter.OncePerRequestFilter.doFilter(OncePerRequestFilter.java:107)
	at org.apache.catalina.core.ApplicationFilterChain.internalDoFilter(ApplicationFilterChain.java:193)
	at org.apache.catalina.core.ApplicationFilterChain.doFilter(ApplicationFilterChain.java:166)
	at org.springframework.boot.actuate.autoconfigure.MetricsFilter.doFilterInternal(MetricsFilter.java:106)
	at org.springframework.web.filter.OncePerRequestFilter.doFilter(OncePerRequestFilter.java:107)
	at org.apache.catalina.core.ApplicationFilterChain.internalDoFilter(ApplicationFilterChain.java:193)
	at org.apache.catalina.core.ApplicationFilterChain.doFilter(ApplicationFilterChain.java:166)
	at org.apache.catalina.core.StandardWrapperValve.invoke(StandardWrapperValve.java:199)
	at org.apache.catalina.core.StandardContextValve.invoke(StandardContextValve.java:96)
	at org.apache.catalina.authenticator.AuthenticatorBase.invoke(AuthenticatorBase.java:478)
	at org.apache.catalina.core.StandardHostValve.invoke(StandardHostValve.java:140)
	at org.apache.catalina.valves.ErrorReportValve.invoke(ErrorReportValve.java:81)
	at org.apache.catalina.core.StandardEngineValve.invoke(StandardEngineValve.java:87)
	at org.apache.catalina.connector.CoyoteAdapter.service(CoyoteAdapter.java:342)
	at org.apache.coyote.http11.Http11Processor.service(Http11Processor.java:803)
	at org.apache.coyote.AbstractProcessorLight.process(AbstractProcessorLight.java:66)
	at org.apache.coyote.AbstractProtocol$ConnectionHandler.process(AbstractProtocol.java:868)
	at org.apache.tomcat.util.net.NioEndpoint$SocketProcessor.doRun(NioEndpoint.java:1459)
	at org.apache.tomcat.util.net.SocketProcessorBase.run(SocketProcessorBase.java:49)
	at java.util.concurrent.ThreadPoolExecutor.runWorker(Unknown Source)
	at java.util.concurrent.ThreadPoolExecutor$Worker.run(Unknown Source)
	at org.apache.tomcat.util.threads.TaskThread$WrappingRunnable.run(TaskThread.java:61)
	at java.lang.Thread.run(Unknown Source)
2018-05-16 15:43:32,750 ERROR (BaseController.java:77)- 服务运行异常
java.lang.NullPointerException: null
	at com.ztgm.iot.controller.WebController.GroupUserController.showMemberList(GroupUserController.java:64)
	at sun.reflect.NativeMethodAccessorImpl.invoke0(Native Method)
	at sun.reflect.NativeMethodAccessorImpl.invoke(Unknown Source)
	at sun.reflect.DelegatingMethodAccessorImpl.invoke(Unknown Source)
	at java.lang.reflect.Method.invoke(Unknown Source)
	at org.springframework.web.method.support.InvocableHandlerMethod.doInvoke(InvocableHandlerMethod.java:205)
	at org.springframework.web.method.support.InvocableHandlerMethod.invokeForRequest(InvocableHandlerMethod.java:133)
	at org.springframework.web.servlet.mvc.method.annotation.ServletInvocableHandlerMethod.invokeAndHandle(ServletInvocableHandlerMethod.java:97)
	at org.springframework.web.servlet.mvc.method.annotation.RequestMappingHandlerAdapter.invokeHandlerMethod(RequestMappingHandlerAdapter.java:827)
	at org.springframework.web.servlet.mvc.method.annotation.RequestMappingHandlerAdapter.handleInternal(RequestMappingHandlerAdapter.java:738)
	at org.springframework.web.servlet.mvc.method.AbstractHandlerMethodAdapter.handle(AbstractHandlerMethodAdapter.java:85)
	at org.springframework.web.servlet.DispatcherServlet.doDispatch(DispatcherServlet.java:967)
	at org.springframework.web.servlet.DispatcherServlet.doService(DispatcherServlet.java:901)
	at org.springframework.web.servlet.FrameworkServlet.processRequest(FrameworkServlet.java:970)
	at org.springframework.web.servlet.FrameworkServlet.doGet(FrameworkServlet.java:861)
	at javax.servlet.http.HttpServlet.service(HttpServlet.java:635)
	at org.springframework.web.servlet.FrameworkServlet.service(FrameworkServlet.java:846)
	at javax.servlet.http.HttpServlet.service(HttpServlet.java:742)
	at org.apache.catalina.core.ApplicationFilterChain.internalDoFilter(ApplicationFilterChain.java:231)
	at org.apache.catalina.core.ApplicationFilterChain.doFilter(ApplicationFilterChain.java:166)
	at org.apache.tomcat.websocket.server.WsFilter.doFilter(WsFilter.java:52)
	at org.apache.catalina.core.ApplicationFilterChain.internalDoFilter(ApplicationFilterChain.java:193)
	at org.apache.catalina.core.ApplicationFilterChain.doFilter(ApplicationFilterChain.java:166)
	at org.springframework.boot.web.filter.ApplicationContextHeaderFilter.doFilterInternal(ApplicationContextHeaderFilter.java:55)
	at org.springframework.web.filter.OncePerRequestFilter.doFilter(OncePerRequestFilter.java:107)
	at org.apache.catalina.core.ApplicationFilterChain.internalDoFilter(ApplicationFilterChain.java:193)
	at org.apache.catalina.core.ApplicationFilterChain.doFilter(ApplicationFilterChain.java:166)
	at org.apache.shiro.web.servlet.ProxiedFilterChain.doFilter(ProxiedFilterChain.java:61)
	at org.apache.shiro.web.servlet.AdviceFilter.executeChain(AdviceFilter.java:108)
	at org.apache.shiro.web.servlet.AdviceFilter.doFilterInternal(AdviceFilter.java:137)
	at org.apache.shiro.web.servlet.OncePerRequestFilter.doFilter(OncePerRequestFilter.java:125)
	at org.apache.shiro.web.servlet.ProxiedFilterChain.doFilter(ProxiedFilterChain.java:66)
	at org.apache.shiro.web.servlet.AbstractShiroFilter.executeChain(AbstractShiroFilter.java:449)
	at org.apache.shiro.web.servlet.AbstractShiroFilter$1.call(AbstractShiroFilter.java:365)
	at org.apache.shiro.subject.support.SubjectCallable.doCall(SubjectCallable.java:90)
	at org.apache.shiro.subject.support.SubjectCallable.call(SubjectCallable.java:83)
	at org.apache.shiro.subject.support.DelegatingSubject.execute(DelegatingSubject.java:387)
	at org.apache.shiro.web.servlet.AbstractShiroFilter.doFilterInternal(AbstractShiroFilter.java:362)
	at org.apache.shiro.web.servlet.OncePerRequestFilter.doFilter(OncePerRequestFilter.java:125)
	at org.apache.catalina.core.ApplicationFilterChain.internalDoFilter(ApplicationFilterChain.java:193)
	at org.apache.catalina.core.ApplicationFilterChain.doFilter(ApplicationFilterChain.java:166)
	at com.alibaba.druid.support.http.WebStatFilter.doFilter(WebStatFilter.java:123)
	at org.apache.catalina.core.ApplicationFilterChain.internalDoFilter(ApplicationFilterChain.java:193)
	at org.apache.catalina.core.ApplicationFilterChain.doFilter(ApplicationFilterChain.java:166)
	at org.sitemesh.webapp.contentfilter.ContentBufferingFilter.bufferAndPostProcess(ContentBufferingFilter.java:169)
	at org.sitemesh.webapp.contentfilter.ContentBufferingFilter.doFilter(ContentBufferingFilter.java:126)
	at org.sitemesh.webapp.SiteMeshFilter.doFilter(SiteMeshFilter.java:120)
	at org.sitemesh.config.ConfigurableSiteMeshFilter.doFilter(ConfigurableSiteMeshFilter.java:163)
	at org.apache.catalina.core.ApplicationFilterChain.internalDoFilter(ApplicationFilterChain.java:193)
	at org.apache.catalina.core.ApplicationFilterChain.doFilter(ApplicationFilterChain.java:166)
	at org.springframework.boot.actuate.trace.WebRequestTraceFilter.doFilterInternal(WebRequestTraceFilter.java:110)
	at org.springframework.web.filter.OncePerRequestFilter.doFilter(OncePerRequestFilter.java:107)
	at org.apache.catalina.core.ApplicationFilterChain.internalDoFilter(ApplicationFilterChain.java:193)
	at org.apache.catalina.core.ApplicationFilterChain.doFilter(ApplicationFilterChain.java:166)
	at org.springframework.web.filter.RequestContextFilter.doFilterInternal(RequestContextFilter.java:99)
	at org.springframework.web.filter.OncePerRequestFilter.doFilter(OncePerRequestFilter.java:107)
	at org.apache.catalina.core.ApplicationFilterChain.internalDoFilter(ApplicationFilterChain.java:193)
	at org.apache.catalina.core.ApplicationFilterChain.doFilter(ApplicationFilterChain.java:166)
	at org.springframework.web.filter.HttpPutFormContentFilter.doFilterInternal(HttpPutFormContentFilter.java:108)
	at org.springframework.web.filter.OncePerRequestFilter.doFilter(OncePerRequestFilter.java:107)
	at org.apache.catalina.core.ApplicationFilterChain.internalDoFilter(ApplicationFilterChain.java:193)
	at org.apache.catalina.core.ApplicationFilterChain.doFilter(ApplicationFilterChain.java:166)
	at org.springframework.web.filter.HiddenHttpMethodFilter.doFilterInternal(HiddenHttpMethodFilter.java:81)
	at org.springframework.web.filter.OncePerRequestFilter.doFilter(OncePerRequestFilter.java:107)
	at org.apache.catalina.core.ApplicationFilterChain.internalDoFilter(ApplicationFilterChain.java:193)
	at org.apache.catalina.core.ApplicationFilterChain.doFilter(ApplicationFilterChain.java:166)
	at org.springframework.web.filter.CharacterEncodingFilter.doFilterInternal(CharacterEncodingFilter.java:197)
	at org.springframework.web.filter.OncePerRequestFilter.doFilter(OncePerRequestFilter.java:107)
	at org.apache.catalina.core.ApplicationFilterChain.internalDoFilter(ApplicationFilterChain.java:193)
	at org.apache.catalina.core.ApplicationFilterChain.doFilter(ApplicationFilterChain.java:166)
	at org.springframework.boot.actuate.autoconfigure.MetricsFilter.doFilterInternal(MetricsFilter.java:106)
	at org.springframework.web.filter.OncePerRequestFilter.doFilter(OncePerRequestFilter.java:107)
	at org.apache.catalina.core.ApplicationFilterChain.internalDoFilter(ApplicationFilterChain.java:193)
	at org.apache.catalina.core.ApplicationFilterChain.doFilter(ApplicationFilterChain.java:166)
	at org.apache.catalina.core.StandardWrapperValve.invoke(StandardWrapperValve.java:199)
	at org.apache.catalina.core.StandardContextValve.invoke(StandardContextValve.java:96)
	at org.apache.catalina.authenticator.AuthenticatorBase.invoke(AuthenticatorBase.java:478)
	at org.apache.catalina.core.StandardHostValve.invoke(StandardHostValve.java:140)
	at org.apache.catalina.valves.ErrorReportValve.invoke(ErrorReportValve.java:81)
	at org.apache.catalina.core.StandardEngineValve.invoke(StandardEngineValve.java:87)
	at org.apache.catalina.connector.CoyoteAdapter.service(CoyoteAdapter.java:342)
	at org.apache.coyote.http11.Http11Processor.service(Http11Processor.java:803)
	at org.apache.coyote.AbstractProcessorLight.process(AbstractProcessorLight.java:66)
	at org.apache.coyote.AbstractProtocol$ConnectionHandler.process(AbstractProtocol.java:868)
	at org.apache.tomcat.util.net.NioEndpoint$SocketProcessor.doRun(NioEndpoint.java:1459)
	at org.apache.tomcat.util.net.SocketProcessorBase.run(SocketProcessorBase.java:49)
	at java.util.concurrent.ThreadPoolExecutor.runWorker(Unknown Source)
	at java.util.concurrent.ThreadPoolExecutor$Worker.run(Unknown Source)
	at org.apache.tomcat.util.threads.TaskThread$WrappingRunnable.run(TaskThread.java:61)
	at java.lang.Thread.run(Unknown Source)
2018-05-16 15:45:13,391 INFO (MyShiroRealm.java:63)- ##################执行Shiro权限认证##################
